<acceptance-test-run title="Searching by keyword banana should display the corresponding article" name="searching_by_keyword_banana_should_display_the_corresponding_article" steps="4" successful="1" failures="0" errors="1" skipped="2" ignored="0" pending="0" annotated-result="ERROR" result="ERROR" duration="12532" timestamp="2016-01-08T16:06:56.895+02:00">
  <user-story id="com.features.search.SearchByKeywordStory" name="Search by keyword story" path="com.features.search"/>
  <tags>
    <tag name="Search" type="capability"/>
    <tag name="Search" type="feature"/>
    <tag name="Search/Search by keyword story" type="story"/>
  </tags>
  <test-step result="SUCCESS" duration="4292">
    <screenshots>
      <screenshot image="247a60eb36452c482093a63930b192a2.png"/>
    </screenshots>
    <description>Is the home page</description>
  </test-step>
  <test-group name="Looks for: &lt;span class=&apos;step-parameter&apos;&gt;pear&lt;/span&gt;" result="ERROR">
    <test-step result="ERROR" duration="6070">
      <description>Enters: &lt;span class=&apos;step-parameter&apos;&gt;pear&lt;/span&gt;</description>
      <error>org.openqa.selenium.WebDriverException: chrome not reachable
  (Session info: chrome=47.0.2526.106)
  (Driver info: chromedriver=2.20.353145 (343b531d31eeb933ec778dbcf7081628a1396067),platform=Windows NT 10.0 x86_64) (WARNING: The server did not provide any stacktrace information)
Command duration or timeout: 2.01 seconds
Build info: version: &apos;2.48.2&apos;, revision: &apos;41bccdd10cf2c0560f637404c2d96164b67d9d67&apos;, time: &apos;2015-10-09 13:08:06&apos;
System info: host: &apos;EVO173&apos;, ip: &apos;172.22.130.155&apos;, os.name: &apos;Windows 10&apos;, os.arch: &apos;amd64&apos;, os.version: &apos;10.0&apos;, java.version: &apos;1.8.0_65&apos;
Driver info: org.openqa.selenium.chrome.ChromeDriver
Capabilities [{applicationCacheEnabled=false, rotatable=false, mobileEmulationEnabled=false, chrome={userDataDir=C:\Users\EMILIA~1\AppData\Local\Temp\scoped_dir4328_11986}, takesHeapSnapshot=true, databaseEnabled=false, handlesAlerts=true, hasTouchScreen=false, version=47.0.2526.106, platform=XP, browserConnectionEnabled=false, nativeEvents=true, acceptSslCerts=true, locationContextEnabled=true, webStorageEnabled=true, browserName=chrome, takesScreenshot=true, javascriptEnabled=true, cssSelectorsEnabled=true}]
Session ID: 0f820ac4fc11e07b2d31b566f54cca0c</error>
      <exception>org.openqa.selenium.WebDriverException:chrome not reachable
  (Session info: chrome=47.0.2526.106)
  (Driver info: chromedriver=2.20.353145 (343b531d31eeb933ec778dbcf7081628a1396067),platform=Windows NT 10.0 x86_64) (WARNING: The server did not provide any stacktrace information)
Command duration or timeout: 2.01 seconds
Build info: version: &apos;2.48.2&apos;, revision: &apos;41bccdd10cf2c0560f637404c2d96164b67d9d67&apos;, time: &apos;2015-10-09 13:08:06&apos;
System info: host: &apos;EVO173&apos;, ip: &apos;172.22.130.155&apos;, os.name: &apos;Windows 10&apos;, os.arch: &apos;amd64&apos;, os.version: &apos;10.0&apos;, java.version: &apos;1.8.0_65&apos;
Driver info: org.openqa.selenium.chrome.ChromeDriver
Capabilities [{applicationCacheEnabled=false, rotatable=false, mobileEmulationEnabled=false, chrome={userDataDir=C:\Users\EMILIA~1\AppData\Local\Temp\scoped_dir4328_11986}, takesHeapSnapshot=true, databaseEnabled=false, handlesAlerts=true, hasTouchScreen=false, version=47.0.2526.106, platform=XP, browserConnectionEnabled=false, nativeEvents=true, acceptSslCerts=true, locationContextEnabled=true, webStorageEnabled=true, browserName=chrome, takesScreenshot=true, javascriptEnabled=true, cssSelectorsEnabled=true}]
Session ID: 0f820ac4fc11e07b2d31b566f54cca0c&#xd;
[com.pages.DictionaryPage.enter_keywords(DictionaryPage.java:27), com.steps.serenity.EndUserSteps.enters(EndUserSteps.java:17), com.steps.serenity.EndUserSteps.looks_for(EndUserSteps.java:37), com.features.search.SearchByKeywordStory.searching_by_keyword_banana_should_display_the_corresponding_article(SearchByKeywordStory.java:36), org.eclipse.jdt.internal.junit4.runner.JUnit4TestReference.run(JUnit4TestReference.java:86), org.eclipse.jdt.internal.junit.runner.TestExecution.run(TestExecution.java:38), org.eclipse.jdt.internal.junit.runner.RemoteTestRunner.runTests(RemoteTestRunner.java:459), org.eclipse.jdt.internal.junit.runner.RemoteTestRunner.runTests(RemoteTestRunner.java:675), org.eclipse.jdt.internal.junit.runner.RemoteTestRunner.run(RemoteTestRunner.java:382), org.eclipse.jdt.internal.junit.runner.RemoteTestRunner.main(RemoteTestRunner.java:192)]</exception>
    </test-step>
    <test-step result="SKIPPED" duration="1">
      <description>Starts search</description>
    </test-step>
  </test-group>
  <test-step result="SKIPPED" duration="1">
    <description>Should see definition: &lt;span class=&apos;step-parameter&apos;&gt;An edible fruit produced by the pear tree, similar to an apple but elongated towards the stem.&lt;/span&gt;</description>
  </test-step>
</acceptance-test-run>